2024-10-20 20:54:56.5560 MongoDB.Driver.MongoConfigurationException: The connection string '127.0.0.1' is not valid.
   at MongoDB.Driver.Core.Configuration.ConnectionString.Parse()
   at MongoDB.Driver.Core.Configuration.ConnectionString..ctor(String connectionString, Boolean isInternalRepresentation, IDnsResolver dnsResolver)
   at MongoDB.Driver.Core.Configuration.ConnectionString..ctor(String connectionString)
   at MongoDB.Driver.MongoUrlBuilder.Parse(String url)
   at MongoDB.Driver.MongoUrlBuilder..ctor(String url)
   at MongoDB.Driver.MongoUrl..ctor(String url)
   at MongoDB.Driver.MongoClientSettings.FromConnectionString(String connectionString)
   at MongoDB.Driver.MongoClient..ctor(String connectionString)
   at Fantasy.DataBase.MongoDataBase.Initialize(Scene scene, String connectionString, String dbName)
   at Fantasy.DataBase.World..ctor(Scene scene, Byte worldConfigId)
   at Fantasy.DataBase.World.Create(Scene scene, Byte id)
   at Fantasy.Scene.Create(Process process, MachineConfig machineConfig, SceneConfig sceneConfig)
   at Fantasy.Platform.Net.Process.Create(UInt32 processConfigId)
   at Fantasy.Platform.Net.Entry.StartProcess()
   at Fantasy.Async.FTask.InnerCoroutine()
   at Fantasy.Async.FTask.InnerCoroutine()
   at Fantasy.Platform.Net.Entry.StartProcess()
   at Fantasy.Platform.Net.Process.Create(UInt32 processConfigId)
   at Fantasy.Scene.Create(Process process, MachineConfig machineConfig, SceneConfig sceneConfig)
   at Fantasy.Scene.SetScheduler(Scene scene, Scene schedulerScene, String sceneRuntimeType)
   at Fantasy.Scene.Initialize()
   at Fantasy.SingleCollection.SingleCollectionComponent.Initialize()
   at Fantasy.Assembly.AssemblySystem.Register(Object obj)
   at Fantasy.SingleCollection.SingleCollectionComponent.Load(Int64 assemblyIdentity)
   at Fantasy.SingleCollection.SingleCollectionComponent.<>c__DisplayClass5_0.<Load>b__0()
   at Fantasy.ThreadSynchronizationContext.Update()
2024-10-20 20:57:32.9718 MongoDB.Driver.MongoConfigurationException: The connection string 'mongodb//127.0.0.1' is not valid.
   at MongoDB.Driver.Core.Configuration.ConnectionString.Parse()
   at MongoDB.Driver.Core.Configuration.ConnectionString..ctor(String connectionString, Boolean isInternalRepresentation, IDnsResolver dnsResolver)
   at MongoDB.Driver.Core.Configuration.ConnectionString..ctor(String connectionString)
   at MongoDB.Driver.MongoUrlBuilder.Parse(String url)
   at MongoDB.Driver.MongoUrlBuilder..ctor(String url)
   at MongoDB.Driver.MongoUrl..ctor(String url)
   at MongoDB.Driver.MongoClientSettings.FromConnectionString(String connectionString)
   at MongoDB.Driver.MongoClient..ctor(String connectionString)
   at Fantasy.DataBase.MongoDataBase.Initialize(Scene scene, String connectionString, String dbName)
   at Fantasy.DataBase.World..ctor(Scene scene, Byte worldConfigId)
   at Fantasy.DataBase.World.Create(Scene scene, Byte id)
   at Fantasy.Scene.Create(Process process, MachineConfig machineConfig, SceneConfig sceneConfig)
   at Fantasy.Platform.Net.Process.Create(UInt32 processConfigId)
   at Fantasy.Platform.Net.Entry.StartProcess()
   at Fantasy.Async.FTask.InnerCoroutine()
   at Fantasy.Async.FTask.InnerCoroutine()
   at Fantasy.Platform.Net.Entry.StartProcess()
   at Fantasy.Platform.Net.Process.Create(UInt32 processConfigId)
   at Fantasy.Scene.Create(Process process, MachineConfig machineConfig, SceneConfig sceneConfig)
   at Fantasy.Scene.SetScheduler(Scene scene, Scene schedulerScene, String sceneRuntimeType)
   at Fantasy.Scene.Initialize()
   at Fantasy.SingleCollection.SingleCollectionComponent.Initialize()
   at Fantasy.Assembly.AssemblySystem.Register(Object obj)
   at Fantasy.SingleCollection.SingleCollectionComponent.Load(Int64 assemblyIdentity)
   at Fantasy.SingleCollection.SingleCollectionComponent.<>c__DisplayClass5_0.<Load>b__0()
   at Fantasy.ThreadSynchronizationContext.Update()
2024-10-20 20:59:52.8055 MongoDB.Driver.MongoConfigurationException: The connection string 'mongodb//127.0.0.1' is not valid.
   at MongoDB.Driver.Core.Configuration.ConnectionString.Parse()
   at MongoDB.Driver.Core.Configuration.ConnectionString..ctor(String connectionString, Boolean isInternalRepresentation, IDnsResolver dnsResolver)
   at MongoDB.Driver.Core.Configuration.ConnectionString..ctor(String connectionString)
   at MongoDB.Driver.MongoUrlBuilder.Parse(String url)
   at MongoDB.Driver.MongoUrlBuilder..ctor(String url)
   at MongoDB.Driver.MongoUrl..ctor(String url)
   at MongoDB.Driver.MongoClientSettings.FromConnectionString(String connectionString)
   at MongoDB.Driver.MongoClient..ctor(String connectionString)
   at Fantasy.DataBase.MongoDataBase.Initialize(Scene scene, String connectionString, String dbName)
   at Fantasy.DataBase.World..ctor(Scene scene, Byte worldConfigId)
   at Fantasy.DataBase.World.Create(Scene scene, Byte id)
   at Fantasy.Scene.Create(Process process, MachineConfig machineConfig, SceneConfig sceneConfig)
   at Fantasy.Platform.Net.Process.Create(UInt32 processConfigId)
   at Fantasy.Platform.Net.Entry.StartProcess()
   at Fantasy.Async.FTask.InnerCoroutine()
   at Fantasy.Async.FTask.InnerCoroutine()
   at Fantasy.Platform.Net.Entry.StartProcess()
   at Fantasy.Platform.Net.Process.Create(UInt32 processConfigId)
   at Fantasy.Scene.Create(Process process, MachineConfig machineConfig, SceneConfig sceneConfig)
   at Fantasy.Scene.SetScheduler(Scene scene, Scene schedulerScene, String sceneRuntimeType)
   at Fantasy.Scene.Initialize()
   at Fantasy.SingleCollection.SingleCollectionComponent.Initialize()
   at Fantasy.Assembly.AssemblySystem.Register(Object obj)
   at Fantasy.SingleCollection.SingleCollectionComponent.Load(Int64 assemblyIdentity)
   at Fantasy.SingleCollection.SingleCollectionComponent.<>c__DisplayClass5_0.<Load>b__0()
   at Fantasy.ThreadSynchronizationContext.Update()
